Traceback (most recent call last):
  File "/opt/hostedtoolcache/Python/3.8.6/x64/lib/python3.8/site-packages/jupyter_cache/executors/utils.py", line 51, in single_nb_execution
    executenb(
  File "/opt/hostedtoolcache/Python/3.8.6/x64/lib/python3.8/site-packages/nbclient/client.py", line 1087, in execute
    return NotebookClient(nb=nb, resources=resources, km=km, **kwargs).execute()
  File "/opt/hostedtoolcache/Python/3.8.6/x64/lib/python3.8/site-packages/nbclient/util.py", line 74, in wrapped
    return just_run(coro(*args, **kwargs))
  File "/opt/hostedtoolcache/Python/3.8.6/x64/lib/python3.8/site-packages/nbclient/util.py", line 53, in just_run
    return loop.run_until_complete(coro)
  File "/opt/hostedtoolcache/Python/3.8.6/x64/lib/python3.8/asyncio/base_events.py", line 616, in run_until_complete
    return future.result()
  File "/opt/hostedtoolcache/Python/3.8.6/x64/lib/python3.8/site-packages/nbclient/client.py", line 540, in async_execute
    await self.async_execute_cell(
  File "/opt/hostedtoolcache/Python/3.8.6/x64/lib/python3.8/site-packages/nbclient/client.py", line 832, in async_execute_cell
    self._check_raise_for_error(cell, exec_reply)
  File "/opt/hostedtoolcache/Python/3.8.6/x64/lib/python3.8/site-packages/nbclient/client.py", line 740, in _check_raise_for_error
    raise CellExecutionError.from_cell_and_msg(cell, exec_reply['content'])
nbclient.exceptions.CellExecutionError: An error occurred while executing the following cell:
------------------
beta = cp.Variable((X_train.shape[1],1))
v = cp.Variable()
loss = cp.sum(cp.pos(1 - cp.multiply(y_train, X_train @ beta - v)))
reg = cp.norm(beta, 1)
lambd = cp.Parameter(nonneg=True)
prob = cp.Problem(cp.Minimize(loss/m + lambd*reg))
------------------

[0;31m---------------------------------------------------------------------------[0m
[0;31mNameError[0m                                 Traceback (most recent call last)
[0;32m<ipython-input-4-6a79c4938497>[0m in [0;36m<module>[0;34m[0m
[1;32m      4[0m [0mreg[0m [0;34m=[0m [0mcp[0m[0;34m.[0m[0mnorm[0m[0;34m([0m[0mbeta[0m[0;34m,[0m [0;36m1[0m[0;34m)[0m[0;34m[0m[0;34m[0m[0m
[1;32m      5[0m [0mlambd[0m [0;34m=[0m [0mcp[0m[0;34m.[0m[0mParameter[0m[0;34m([0m[0mnonneg[0m[0;34m=[0m[0;32mTrue[0m[0;34m)[0m[0;34m[0m[0;34m[0m[0m
[0;32m----> 6[0;31m [0mprob[0m [0;34m=[0m [0mcp[0m[0;34m.[0m[0mProblem[0m[0;34m([0m[0mcp[0m[0;34m.[0m[0mMinimize[0m[0;34m([0m[0mloss[0m[0;34m/[0m[0mm[0m [0;34m+[0m [0mlambd[0m[0;34m*[0m[0mreg[0m[0;34m)[0m[0;34m)[0m[0;34m[0m[0;34m[0m[0m
[0m
[0;31mNameError[0m: name 'm' is not defined
NameError: name 'm' is not defined

